2019-10-07 17:32:45.411 - INFO  [           main] o.s.b.StartupInfoLogger        : Starting FinanceApplication on DESKTOP-4N7PR7S with PID 15940 (C:\Project\GitData\data\target\classes started by yuanzhifeng in C:\Project\GitData\data)
2019-10-07 17:32:45.425 - INFO  [           main] o.s.b.SpringApplication        : No active profile set, falling back to default profiles: default
2019-10-07 17:32:45.918 - INFO  [           main] epositoryConfigurationDelegate : Bootstrapping Spring Data repositories in DEFAULT mode.
2019-10-07 17:32:45.998 - INFO  [           main] epositoryConfigurationDelegate : Finished Spring Data repository scanning in 76ms. Found 8 repository interfaces.
2019-10-07 17:32:46.427 - INFO  [           main] o.s.b.w.e.t.TomcatWebServer    : Tomcat initialized with port(s): 8080 (http)
2019-10-07 17:32:46.442 - INFO  [           main] o.a.j.l.DirectJDKLog           : Initializing ProtocolHandler ["http-nio-8080"]
2019-10-07 17:32:46.450 - INFO  [           main] o.a.j.l.DirectJDKLog           : Starting service [Tomcat]
2019-10-07 17:32:46.451 - INFO  [           main] o.a.j.l.DirectJDKLog           : Starting Servlet engine: [Apache Tomcat/9.0.24]
2019-10-07 17:32:46.550 - INFO  [           main] o.a.j.l.DirectJDKLog           : Initializing Spring embedded WebApplicationContext
2019-10-07 17:32:46.551 - INFO  [           main] letWebServerApplicationContext : Root WebApplicationContext: initialization completed in 1093 ms
2019-10-07 17:32:47.360 - INFO  [           main] c.m.d.l.SLF4JLogger            : Cluster created with settings {hosts=[134.175.199.68:27017], mode=SINGLE, requiredClusterType=UNKNOWN, serverSelectionTimeout='30000 ms', maxWaitQueueSize=500}
2019-10-07 17:32:47.584 - INFO  [75.199.68:27017] c.m.d.l.SLF4JLogger            : Opened connection [connectionId{localValue:1, serverValue:466}] to 134.175.199.68:27017
2019-10-07 17:32:47.627 - INFO  [75.199.68:27017] c.m.d.l.SLF4JLogger            : Monitor thread successfully connected to server with description ServerDescription{address=134.175.199.68:27017, type=STANDALONE, state=CONNECTED, ok=true, version=ServerVersion{versionList=[4, 2, 0]}, minWireVersion=0, maxWireVersion=8, maxDocumentSize=16777216, logicalSessionTimeoutMinutes=30, roundTripTimeNanos=42442528}
2019-10-07 17:32:47.861 - INFO  [           main] c.ExecutorConfigurationSupport : Initializing ExecutorService 'applicationTaskExecutor'
2019-10-07 17:32:47.993 - INFO  [           main] o.a.j.l.DirectJDKLog           : Starting ProtocolHandler ["http-nio-8080"]
2019-10-07 17:32:48.013 - INFO  [           main] o.s.b.w.e.t.TomcatWebServer    : Tomcat started on port(s): 8080 (http) with context path ''
2019-10-07 17:32:48.015 - INFO  [           main] o.s.b.StartupInfoLogger        : Started FinanceApplication in 3.083 seconds (JVM running for 4.921)
2019-10-07 17:33:07.414 - INFO  [nio-8080-exec-1] o.a.j.l.DirectJDKLog           : Initializing Spring DispatcherServlet 'dispatcherServlet'
2019-10-07 17:33:07.414 - INFO  [nio-8080-exec-1] o.s.w.s.FrameworkServlet       : Initializing Servlet 'dispatcherServlet'
2019-10-07 17:33:07.420 - INFO  [nio-8080-exec-1] o.s.w.s.FrameworkServlet       : Completed initialization in 6 ms
