2019-10-21 13:28:31.742 - INFO  [           main] bstractTestContextBootstrapper : Neither @ContextConfiguration nor @ContextHierarchy found for test class [com.cst.finance.FinanceApplicationTests], using SpringBootContextLoader
2019-10-21 13:28:32.026 - INFO  [           main] .s.t.c.s.AbstractContextLoader : Could not detect default resource locations for test class [com.cst.finance.FinanceApplicationTests]: no resource found for suffixes {-context.xml, Context.groovy}.
2019-10-21 13:28:32.027 - INFO  [           main] tationConfigContextLoaderUtils : Could not detect default configuration classes for test class [com.cst.finance.FinanceApplicationTests]: FinanceApplicationTests does not declare any static, non-private, non-final, nested classes annotated with @Configuration.
2019-10-21 13:28:32.129 - INFO  [           main] ingBootTestContextBootstrapper : Found @SpringBootConfiguration com.cst.finance.FinanceApplication for test class com.cst.finance.FinanceApplicationTests
2019-10-21 13:28:32.222 - INFO  [           main] bstractTestContextBootstrapper : Loaded default TestExecutionListener class names from location [META-INF/spring.factories]: [org.springframework.boot.test.mock.mockito.MockitoTestExecutionListener, org.springframework.boot.test.mock.mockito.ResetMocksTestExecutionListener, org.springframework.boot.test.autoconfigure.restdocs.RestDocsTestExecutionListener, org.springframework.boot.test.autoconfigure.web.client.MockRestServiceServerResetTestExecutionListener, org.springframework.boot.test.autoconfigure.web.servlet.MockMvcPrintOnlyOnFailureTestExecutionListener, org.springframework.boot.test.autoconfigure.web.servlet.WebDriverTestExecutionListener, org.springframework.test.context.web.ServletTestExecutionListener, org.springframework.test.context.support.DirtiesContextBeforeModesTestExecutionListener, org.springframework.test.context.support.DependencyInjectionTestExecutionListener, org.springframework.test.context.support.DirtiesContextTestExecutionListener, org.springframework.test.context.transaction.TransactionalTestExecutionListener, org.springframework.test.context.jdbc.SqlScriptsTestExecutionListener]
2019-10-21 13:28:32.243 - INFO  [           main] bstractTestContextBootstrapper : Using TestExecutionListeners: [org.springframework.test.context.web.ServletTestExecutionListener@3da30852, org.springframework.test.context.support.DirtiesContextBeforeModesTestExecutionListener@403f0a22, org.springframework.boot.test.mock.mockito.MockitoTestExecutionListener@503ecb24, org.springframework.boot.test.autoconfigure.SpringBootDependencyInjectionTestExecutionListener@4c51cf28, org.springframework.test.context.support.DirtiesContextTestExecutionListener@6995bf68, org.springframework.test.context.transaction.TransactionalTestExecutionListener@5143c662, org.springframework.test.context.jdbc.SqlScriptsTestExecutionListener@77825085, org.springframework.boot.test.mock.mockito.ResetMocksTestExecutionListener@3568f9d2, org.springframework.boot.test.autoconfigure.restdocs.RestDocsTestExecutionListener@71c27ee8, org.springframework.boot.test.autoconfigure.web.client.MockRestServiceServerResetTestExecutionListener@3e7dd664, org.springframework.boot.test.autoconfigure.web.servlet.MockMvcPrintOnlyOnFailureTestExecutionListener@5b1ebf56, org.springframework.boot.test.autoconfigure.web.servlet.WebDriverTestExecutionListener@294a6b8e]
2019-10-21 13:28:34.006 - INFO  [           main] egate$BeanPostProcessorChecker : Bean 'org.springframework.cloud.autoconfigure.ConfigurationPropertiesRebinderAutoConfiguration' of type [org.springframework.cloud.autoconfigure.ConfigurationPropertiesRebinderAutoConfiguration$$EnhancerBySpringCGLIB$$67867f41] is not eligible for getting processed by all BeanPostProcessors (for example: not eligible for auto-proxying)
2019-10-21 13:28:35.336 - INFO  [           main] o.s.b.SpringApplication        : No active profile set, falling back to default profiles: default
2019-10-21 13:28:35.839 - INFO  [           main] epositoryConfigurationDelegate : Bootstrapping Spring Data repositories in DEFAULT mode.
2019-10-21 13:28:36.003 - INFO  [           main] epositoryConfigurationDelegate : Finished Spring Data repository scanning in 159ms. Found 12 repository interfaces.
2019-10-21 13:28:36.289 - INFO  [           main] o.s.c.c.s.GenericScope         : BeanFactory id=bd22d272-9f90-34fa-a8fe-3fcb9cd28fce
2019-10-21 13:28:36.444 - INFO  [           main] egate$BeanPostProcessorChecker : Bean 'org.springframework.cloud.autoconfigure.ConfigurationPropertiesRebinderAutoConfiguration' of type [org.springframework.cloud.autoconfigure.ConfigurationPropertiesRebinderAutoConfiguration$$EnhancerBySpringCGLIB$$67867f41] is not eligible for getting processed by all BeanPostProcessors (for example: not eligible for auto-proxying)
2019-10-21 13:28:37.204 - INFO  [           main] c.m.d.l.SLF4JLogger            : Cluster created with settings {hosts=[134.175.199.68:27017], mode=SINGLE, requiredClusterType=UNKNOWN, serverSelectionTimeout='30000 ms', maxWaitQueueSize=500}
2019-10-21 13:28:37.452 - INFO  [75.199.68:27017] c.m.d.l.SLF4JLogger            : Opened connection [connectionId{localValue:1, serverValue:1817}] to 134.175.199.68:27017
2019-10-21 13:28:37.502 - INFO  [75.199.68:27017] c.m.d.l.SLF4JLogger            : Monitor thread successfully connected to server with description ServerDescription{address=134.175.199.68:27017, type=STANDALONE, state=CONNECTED, ok=true, version=ServerVersion{versionList=[4, 2, 0]}, minWireVersion=0, maxWireVersion=8, maxDocumentSize=16777216, logicalSessionTimeoutMinutes=30, roundTripTimeNanos=46836606}
2019-10-21 13:28:38.618 - WARN  [           main] c.n.c.s.URLConfigurationSource : No URLs will be polled as dynamic configuration sources.
2019-10-21 13:28:38.618 - INFO  [           main] c.n.c.s.URLConfigurationSource : To enable URLs as dynamic configuration sources, define System property archaius.configurationSource.additionalUrls or make config.properties available on classpath.
2019-10-21 13:28:38.632 - WARN  [           main] c.n.c.s.URLConfigurationSource : No URLs will be polled as dynamic configuration sources.
2019-10-21 13:28:38.633 - INFO  [           main] c.n.c.s.URLConfigurationSource : To enable URLs as dynamic configuration sources, define System property archaius.configurationSource.additionalUrls or make config.properties available on classpath.
2019-10-21 13:28:39.263 - INFO  [           main] c.ExecutorConfigurationSupport : Initializing ExecutorService 'applicationTaskExecutor'
2019-10-21 13:28:39.412 - INFO  [           main] .w.s.WelcomePageHandlerMapping : Adding welcome page: class path resource [static/index.html]
2019-10-21 13:28:39.755 - INFO  [           main] c.ExecutorConfigurationSupport : Initializing ExecutorService 'taskScheduler'
2019-10-21 13:28:41.309 - INFO  [           main] o.s.c.c.u.InetUtils            : Cannot determine local hostname
2019-10-21 13:28:42.616 - INFO  [           main] o.s.c.c.u.InetUtils            : Cannot determine local hostname
2019-10-21 13:28:42.795 - INFO  [           main] o.s.b.StartupInfoLogger        : Started FinanceApplicationTests in 10.502 seconds (JVM running for 12.491)
2019-10-21 13:28:43.440 - INFO  [           main] c.m.d.l.SLF4JLogger            : Opened connection [connectionId{localValue:2, serverValue:1818}] to 134.175.199.68:27017
2019-10-21 13:28:43.559 - INFO  [       Thread-5] o.s.c.n.e.InstanceInfoFactory  : Setting initial instance status as: STARTING
2019-10-21 13:28:43.563 - INFO  [       Thread-5] .c.n.e.s.EurekaServiceRegistry : Unregistering application FINANCE-SERVER with eureka with status DOWN
2019-10-21 13:28:43.566 - INFO  [       Thread-5] c.ExecutorConfigurationSupport : Shutting down ExecutorService 'taskScheduler'
2019-10-21 13:28:43.567 - INFO  [       Thread-5] c.ExecutorConfigurationSupport : Shutting down ExecutorService 'applicationTaskExecutor'
2019-10-21 13:28:43.574 - INFO  [       Thread-5] c.m.d.l.SLF4JLogger            : Closed connection [connectionId{localValue:2, serverValue:1818}] to 134.175.199.68:27017 because the pool has been closed.
2019-10-21 13:29:06.586 - INFO  [trap-executor-0] .d.s.r.a.ConfigClusterResolver : Resolving eureka endpoints via configuration
