2019-10-13 14:42:45.152 - INFO  [           main] bstractTestContextBootstrapper : Neither @ContextConfiguration nor @ContextHierarchy found for test class [com.cst.finance.FinanceApplicationTests], using SpringBootContextLoader
2019-10-13 14:42:45.376 - INFO  [           main] .s.t.c.s.AbstractContextLoader : Could not detect default resource locations for test class [com.cst.finance.FinanceApplicationTests]: no resource found for suffixes {-context.xml, Context.groovy}.
2019-10-13 14:42:45.377 - INFO  [           main] tationConfigContextLoaderUtils : Could not detect default configuration classes for test class [com.cst.finance.FinanceApplicationTests]: FinanceApplicationTests does not declare any static, non-private, non-final, nested classes annotated with @Configuration.
2019-10-13 14:42:45.463 - INFO  [           main] ingBootTestContextBootstrapper : Found @SpringBootConfiguration com.cst.finance.FinanceApplication for test class com.cst.finance.FinanceApplicationTests
2019-10-13 14:42:45.567 - INFO  [           main] bstractTestContextBootstrapper : Loaded default TestExecutionListener class names from location [META-INF/spring.factories]: [org.springframework.boot.test.mock.mockito.MockitoTestExecutionListener, org.springframework.boot.test.mock.mockito.ResetMocksTestExecutionListener, org.springframework.boot.test.autoconfigure.restdocs.RestDocsTestExecutionListener, org.springframework.boot.test.autoconfigure.web.client.MockRestServiceServerResetTestExecutionListener, org.springframework.boot.test.autoconfigure.web.servlet.MockMvcPrintOnlyOnFailureTestExecutionListener, org.springframework.boot.test.autoconfigure.web.servlet.WebDriverTestExecutionListener, org.springframework.test.context.web.ServletTestExecutionListener, org.springframework.test.context.support.DirtiesContextBeforeModesTestExecutionListener, org.springframework.test.context.support.DependencyInjectionTestExecutionListener, org.springframework.test.context.support.DirtiesContextTestExecutionListener, org.springframework.test.context.transaction.TransactionalTestExecutionListener, org.springframework.test.context.jdbc.SqlScriptsTestExecutionListener]
2019-10-13 14:42:45.590 - INFO  [           main] bstractTestContextBootstrapper : Using TestExecutionListeners: [org.springframework.test.context.web.ServletTestExecutionListener@69653e16, org.springframework.test.context.support.DirtiesContextBeforeModesTestExecutionListener@758705fa, org.springframework.boot.test.mock.mockito.MockitoTestExecutionListener@ebaa6cb, org.springframework.boot.test.autoconfigure.SpringBootDependencyInjectionTestExecutionListener@906d29b, org.springframework.test.context.support.DirtiesContextTestExecutionListener@49d3c823, org.springframework.test.context.transaction.TransactionalTestExecutionListener@436bc36, org.springframework.test.context.jdbc.SqlScriptsTestExecutionListener@5fe1ce85, org.springframework.boot.test.mock.mockito.ResetMocksTestExecutionListener@604c5de8, org.springframework.boot.test.autoconfigure.restdocs.RestDocsTestExecutionListener@37091312, org.springframework.boot.test.autoconfigure.web.client.MockRestServiceServerResetTestExecutionListener@66fdec9, org.springframework.boot.test.autoconfigure.web.servlet.MockMvcPrintOnlyOnFailureTestExecutionListener@57abad67, org.springframework.boot.test.autoconfigure.web.servlet.WebDriverTestExecutionListener@550a1967]
2019-10-13 14:42:46.559 - INFO  [           main] egate$BeanPostProcessorChecker : Bean 'org.springframework.cloud.autoconfigure.ConfigurationPropertiesRebinderAutoConfiguration' of type [org.springframework.cloud.autoconfigure.ConfigurationPropertiesRebinderAutoConfiguration$$EnhancerBySpringCGLIB$$130f064a] is not eligible for getting processed by all BeanPostProcessors (for example: not eligible for auto-proxying)
2019-10-13 14:42:47.004 - INFO  [           main] o.s.b.SpringApplication        : No active profile set, falling back to default profiles: default
2019-10-13 14:42:47.446 - INFO  [           main] epositoryConfigurationDelegate : Bootstrapping Spring Data repositories in DEFAULT mode.
2019-10-13 14:42:47.565 - INFO  [           main] epositoryConfigurationDelegate : Finished Spring Data repository scanning in 114ms. Found 9 repository interfaces.
2019-10-13 14:42:47.846 - INFO  [           main] o.s.c.c.s.GenericScope         : BeanFactory id=c8a38e5b-d64a-3896-ad8a-cef08a740a00
2019-10-13 14:42:47.985 - INFO  [           main] egate$BeanPostProcessorChecker : Bean 'org.springframework.cloud.autoconfigure.ConfigurationPropertiesRebinderAutoConfiguration' of type [org.springframework.cloud.autoconfigure.ConfigurationPropertiesRebinderAutoConfiguration$$EnhancerBySpringCGLIB$$130f064a] is not eligible for getting processed by all BeanPostProcessors (for example: not eligible for auto-proxying)
2019-10-13 14:42:48.886 - INFO  [           main] c.m.d.l.SLF4JLogger            : Cluster created with settings {hosts=[134.175.199.68:27017], mode=SINGLE, requiredClusterType=UNKNOWN, serverSelectionTimeout='30000 ms', maxWaitQueueSize=500}
2019-10-13 14:42:49.081 - INFO  [75.199.68:27017] c.m.d.l.SLF4JLogger            : Opened connection [connectionId{localValue:1, serverValue:990}] to 134.175.199.68:27017
2019-10-13 14:42:49.120 - INFO  [75.199.68:27017] c.m.d.l.SLF4JLogger            : Monitor thread successfully connected to server with description ServerDescription{address=134.175.199.68:27017, type=STANDALONE, state=CONNECTED, ok=true, version=ServerVersion{versionList=[4, 2, 0]}, minWireVersion=0, maxWireVersion=8, maxDocumentSize=16777216, logicalSessionTimeoutMinutes=30, roundTripTimeNanos=36841353}
2019-10-13 14:42:49.727 - WARN  [           main] c.n.c.s.URLConfigurationSource : No URLs will be polled as dynamic configuration sources.
2019-10-13 14:42:49.727 - INFO  [           main] c.n.c.s.URLConfigurationSource : To enable URLs as dynamic configuration sources, define System property archaius.configurationSource.additionalUrls or make config.properties available on classpath.
2019-10-13 14:42:49.735 - WARN  [           main] c.n.c.s.URLConfigurationSource : No URLs will be polled as dynamic configuration sources.
2019-10-13 14:42:49.735 - INFO  [           main] c.n.c.s.URLConfigurationSource : To enable URLs as dynamic configuration sources, define System property archaius.configurationSource.additionalUrls or make config.properties available on classpath.
2019-10-13 14:42:50.153 - INFO  [           main] c.ExecutorConfigurationSupport : Initializing ExecutorService 'applicationTaskExecutor'
2019-10-13 14:42:50.259 - INFO  [           main] .w.s.WelcomePageHandlerMapping : Adding welcome page: class path resource [static/index.html]
2019-10-13 14:42:51.510 - INFO  [           main] o.s.b.StartupInfoLogger        : Started FinanceApplicationTests in 5.868 seconds (JVM running for 7.356)
2019-10-13 14:42:53.437 - INFO  [           main] c.m.d.l.SLF4JLogger            : Opened connection [connectionId{localValue:2, serverValue:991}] to 134.175.199.68:27017
2019-10-13 14:42:54.799 - INFO  [       Thread-5] o.s.c.n.e.InstanceInfoFactory  : Setting initial instance status as: STARTING
2019-10-13 14:42:54.803 - INFO  [       Thread-5] .c.n.e.s.EurekaServiceRegistry : Unregistering application FINANCE-SERVER with eureka with status DOWN
2019-10-13 14:42:54.808 - INFO  [       Thread-5] c.ExecutorConfigurationSupport : Shutting down ExecutorService 'applicationTaskExecutor'
2019-10-13 14:42:54.814 - INFO  [       Thread-5] c.m.d.l.SLF4JLogger            : Closed connection [connectionId{localValue:2, serverValue:991}] to 134.175.199.68:27017 because the pool has been closed.
2019-10-13 14:46:16.553 - INFO  [trap-executor-0] .d.s.r.a.ConfigClusterResolver : Resolving eureka endpoints via configuration
2019-10-13 14:51:16.556 - INFO  [trap-executor-0] .d.s.r.a.ConfigClusterResolver : Resolving eureka endpoints via configuration
2019-10-13 14:56:16.557 - INFO  [trap-executor-0] .d.s.r.a.ConfigClusterResolver : Resolving eureka endpoints via configuration
