2019-10-13 15:18:06.531 - INFO  [           main] egate$BeanPostProcessorChecker : Bean 'org.springframework.cloud.autoconfigure.ConfigurationPropertiesRebinderAutoConfiguration' of type [org.springframework.cloud.autoconfigure.ConfigurationPropertiesRebinderAutoConfiguration$$EnhancerBySpringCGLIB$$fb91b7ce] is not eligible for getting processed by all BeanPostProcessors (for example: not eligible for auto-proxying)
2019-10-13 15:18:07.270 - INFO  [           main] o.s.b.SpringApplication        : No active profile set, falling back to default profiles: default
2019-10-13 15:18:07.847 - INFO  [           main] epositoryConfigurationDelegate : Bootstrapping Spring Data repositories in DEFAULT mode.
2019-10-13 15:18:08.016 - INFO  [           main] epositoryConfigurationDelegate : Finished Spring Data repository scanning in 165ms. Found 9 repository interfaces.
2019-10-13 15:18:08.260 - INFO  [           main] o.s.c.c.s.GenericScope         : BeanFactory id=d295f018-33b8-35d5-8310-0d6095c52f02
2019-10-13 15:18:08.402 - INFO  [           main] egate$BeanPostProcessorChecker : Bean 'org.springframework.cloud.autoconfigure.ConfigurationPropertiesRebinderAutoConfiguration' of type [org.springframework.cloud.autoconfigure.ConfigurationPropertiesRebinderAutoConfiguration$$EnhancerBySpringCGLIB$$fb91b7ce] is not eligible for getting processed by all BeanPostProcessors (for example: not eligible for auto-proxying)
2019-10-13 15:18:08.621 - INFO  [           main] o.s.b.w.e.t.TomcatWebServer    : Tomcat initialized with port(s): 8011 (http)
2019-10-13 15:18:08.634 - INFO  [           main] o.a.j.l.DirectJDKLog           : Initializing ProtocolHandler ["http-nio-8011"]
2019-10-13 15:18:08.644 - INFO  [           main] o.a.j.l.DirectJDKLog           : Starting service [Tomcat]
2019-10-13 15:18:08.645 - INFO  [           main] o.a.j.l.DirectJDKLog           : Starting Servlet engine: [Apache Tomcat/9.0.24]
2019-10-13 15:18:08.871 - INFO  [           main] o.a.j.l.DirectJDKLog           : Initializing Spring embedded WebApplicationContext
2019-10-13 15:18:08.873 - INFO  [           main] letWebServerApplicationContext : Root WebApplicationContext: initialization completed in 1579 ms
2019-10-13 15:18:09.605 - INFO  [           main] c.m.d.l.SLF4JLogger            : Cluster created with settings {hosts=[134.175.199.68:27017], mode=SINGLE, requiredClusterType=UNKNOWN, serverSelectionTimeout='30000 ms', maxWaitQueueSize=500}
2019-10-13 15:18:09.786 - INFO  [75.199.68:27017] c.m.d.l.SLF4JLogger            : Opened connection [connectionId{localValue:1, serverValue:998}] to 134.175.199.68:27017
2019-10-13 15:18:09.822 - INFO  [75.199.68:27017] c.m.d.l.SLF4JLogger            : Monitor thread successfully connected to server with description ServerDescription{address=134.175.199.68:27017, type=STANDALONE, state=CONNECTED, ok=true, version=ServerVersion{versionList=[4, 2, 0]}, minWireVersion=0, maxWireVersion=8, maxDocumentSize=16777216, logicalSessionTimeoutMinutes=30, roundTripTimeNanos=33942078}
2019-10-13 15:18:10.166 - WARN  [           main] c.n.c.s.URLConfigurationSource : No URLs will be polled as dynamic configuration sources.
2019-10-13 15:18:10.166 - INFO  [           main] c.n.c.s.URLConfigurationSource : To enable URLs as dynamic configuration sources, define System property archaius.configurationSource.additionalUrls or make config.properties available on classpath.
2019-10-13 15:18:10.169 - WARN  [           main] c.n.c.s.URLConfigurationSource : No URLs will be polled as dynamic configuration sources.
2019-10-13 15:18:10.170 - INFO  [           main] c.n.c.s.URLConfigurationSource : To enable URLs as dynamic configuration sources, define System property archaius.configurationSource.additionalUrls or make config.properties available on classpath.
2019-10-13 15:18:10.361 - INFO  [           main] c.ExecutorConfigurationSupport : Initializing ExecutorService 'applicationTaskExecutor'
2019-10-13 15:18:10.425 - INFO  [           main] .w.s.WelcomePageHandlerMapping : Adding welcome page: class path resource [static/index.html]
2019-10-13 15:18:11.284 - INFO  [           main] o.s.c.n.e.InstanceInfoFactory  : Setting initial instance status as: STARTING
2019-10-13 15:18:11.325 - INFO  [           main] c.n.d.DiscoveryClient          : Initializing Eureka in region us-east-1
2019-10-13 15:18:11.384 - INFO  [           main] .n.d.p.DiscoveryJerseyProvider : Using JSON encoding codec LegacyJacksonJson
2019-10-13 15:18:11.384 - INFO  [           main] .n.d.p.DiscoveryJerseyProvider : Using JSON decoding codec LegacyJacksonJson
2019-10-13 15:18:11.524 - INFO  [           main] .n.d.p.DiscoveryJerseyProvider : Using XML encoding codec XStreamXml
2019-10-13 15:18:11.526 - INFO  [           main] .n.d.p.DiscoveryJerseyProvider : Using XML decoding codec XStreamXml
2019-10-13 15:18:11.832 - INFO  [           main] .d.s.r.a.ConfigClusterResolver : Resolving eureka endpoints via configuration
2019-10-13 15:18:12.226 - INFO  [           main] c.n.d.DiscoveryClient          : Disable delta property : false
2019-10-13 15:18:12.228 - INFO  [           main] c.n.d.DiscoveryClient          : Single vip registry refresh property : null
2019-10-13 15:18:12.228 - INFO  [           main] c.n.d.DiscoveryClient          : Force full registry fetch : false
2019-10-13 15:18:12.228 - INFO  [           main] c.n.d.DiscoveryClient          : Application is null : false
2019-10-13 15:18:12.228 - INFO  [           main] c.n.d.DiscoveryClient          : Registered Applications size is zero : true
2019-10-13 15:18:12.228 - INFO  [           main] c.n.d.DiscoveryClient          : Application version is -1: true
2019-10-13 15:18:12.228 - INFO  [           main] c.n.d.DiscoveryClient          : Getting all instance registry info from the eureka server
2019-10-13 15:18:12.633 - INFO  [           main] c.n.d.DiscoveryClient          : The response status is 200
2019-10-13 15:18:12.638 - INFO  [           main] c.n.d.DiscoveryClient          : Starting heartbeat executor: renew interval is: 30
2019-10-13 15:18:12.642 - INFO  [           main] c.n.d.InstanceInfoReplicator   : InstanceInfoReplicator onDemand update allowed rate per min is 4
2019-10-13 15:18:12.648 - INFO  [           main] c.n.d.DiscoveryClient          : Discovery Client initialized at timestamp 1570951092646 with initial instances count: 2
2019-10-13 15:18:12.651 - INFO  [           main] .c.n.e.s.EurekaServiceRegistry : Registering application FINANCE-SERVER with eureka with status UP
2019-10-13 15:18:12.652 - INFO  [           main] c.n.d.DiscoveryClient$3        : Saw local status change event StatusChangeEvent [timestamp=1570951092652, current=UP, previous=STARTING]
2019-10-13 15:18:12.655 - INFO  [nfoReplicator-0] c.n.d.DiscoveryClient          : DiscoveryClient_FINANCE-SERVER/134.175.199.68:8011: registering service...
2019-10-13 15:18:12.681 - INFO  [           main] o.a.j.l.DirectJDKLog           : Starting ProtocolHandler ["http-nio-8011"]
2019-10-13 15:18:12.726 - INFO  [           main] o.s.b.w.e.t.TomcatWebServer    : Tomcat started on port(s): 8011 (http) with context path ''
2019-10-13 15:18:12.728 - INFO  [           main] .EurekaAutoServiceRegistration : Updating port to 8011
2019-10-13 15:18:12.734 - INFO  [           main] o.s.b.StartupInfoLogger        : Started FinanceApplication in 7.103 seconds (JVM running for 8.375)
2019-10-13 15:18:12.774 - INFO  [nfoReplicator-0] c.n.d.DiscoveryClient          : DiscoveryClient_FINANCE-SERVER/134.175.199.68:8011 - registration status: 204
2019-10-13 15:18:24.821 - INFO  [nio-8011-exec-1] o.a.j.l.DirectJDKLog           : Initializing Spring DispatcherServlet 'dispatcherServlet'
2019-10-13 15:18:24.822 - INFO  [nio-8011-exec-1] o.s.w.s.FrameworkServlet       : Initializing Servlet 'dispatcherServlet'
2019-10-13 15:18:24.831 - INFO  [nio-8011-exec-1] o.s.w.s.FrameworkServlet       : Completed initialization in 9 ms
2019-10-13 15:23:12.233 - INFO  [trap-executor-0] .d.s.r.a.ConfigClusterResolver : Resolving eureka endpoints via configuration
2019-10-13 15:28:12.238 - INFO  [trap-executor-0] .d.s.r.a.ConfigClusterResolver : Resolving eureka endpoints via configuration
2019-10-13 15:33:12.245 - INFO  [trap-executor-0] .d.s.r.a.ConfigClusterResolver : Resolving eureka endpoints via configuration
2019-10-13 15:38:12.247 - INFO  [trap-executor-0] .d.s.r.a.ConfigClusterResolver : Resolving eureka endpoints via configuration
2019-10-13 15:43:12.249 - INFO  [trap-executor-0] .d.s.r.a.ConfigClusterResolver : Resolving eureka endpoints via configuration
2019-10-13 15:48:12.251 - INFO  [trap-executor-0] .d.s.r.a.ConfigClusterResolver : Resolving eureka endpoints via configuration
2019-10-13 15:53:12.253 - INFO  [trap-executor-0] .d.s.r.a.ConfigClusterResolver : Resolving eureka endpoints via configuration
2019-10-13 15:58:12.254 - INFO  [trap-executor-0] .d.s.r.a.ConfigClusterResolver : Resolving eureka endpoints via configuration
2019-10-13 16:03:12.257 - INFO  [trap-executor-0] .d.s.r.a.ConfigClusterResolver : Resolving eureka endpoints via configuration
2019-10-13 16:08:12.260 - INFO  [trap-executor-0] .d.s.r.a.ConfigClusterResolver : Resolving eureka endpoints via configuration
2019-10-13 16:13:12.264 - INFO  [trap-executor-0] .d.s.r.a.ConfigClusterResolver : Resolving eureka endpoints via configuration
