2019-10-21 12:43:59.363 - INFO  [           main] egate$BeanPostProcessorChecker : Bean 'org.springframework.cloud.autoconfigure.ConfigurationPropertiesRebinderAutoConfiguration' of type [org.springframework.cloud.autoconfigure.ConfigurationPropertiesRebinderAutoConfiguration$$EnhancerBySpringCGLIB$$51a6ef79] is not eligible for getting processed by all BeanPostProcessors (for example: not eligible for auto-proxying)
2019-10-21 12:44:00.853 - INFO  [           main] o.s.b.SpringApplication        : No active profile set, falling back to default profiles: default
2019-10-21 12:44:01.240 - INFO  [           main] epositoryConfigurationDelegate : Bootstrapping Spring Data repositories in DEFAULT mode.
2019-10-21 12:44:01.332 - INFO  [           main] epositoryConfigurationDelegate : Finished Spring Data repository scanning in 89ms. Found 12 repository interfaces.
2019-10-21 12:44:01.464 - INFO  [           main] o.s.c.c.s.GenericScope         : BeanFactory id=a5b6b6fe-805e-308a-85fe-a9c5cd7312db
2019-10-21 12:44:01.522 - INFO  [           main] egate$BeanPostProcessorChecker : Bean 'org.springframework.cloud.autoconfigure.ConfigurationPropertiesRebinderAutoConfiguration' of type [org.springframework.cloud.autoconfigure.ConfigurationPropertiesRebinderAutoConfiguration$$EnhancerBySpringCGLIB$$51a6ef79] is not eligible for getting processed by all BeanPostProcessors (for example: not eligible for auto-proxying)
2019-10-21 12:44:01.697 - INFO  [           main] o.s.b.w.e.t.TomcatWebServer    : Tomcat initialized with port(s): 8080 (http)
2019-10-21 12:44:01.709 - INFO  [           main] o.a.j.l.DirectJDKLog           : Initializing ProtocolHandler ["http-nio-8080"]
2019-10-21 12:44:01.715 - INFO  [           main] o.a.j.l.DirectJDKLog           : Starting service [Tomcat]
2019-10-21 12:44:01.716 - INFO  [           main] o.a.j.l.DirectJDKLog           : Starting Servlet engine: [Apache Tomcat/9.0.24]
2019-10-21 12:44:01.894 - INFO  [           main] o.a.j.l.DirectJDKLog           : Initializing Spring embedded WebApplicationContext
2019-10-21 12:44:01.894 - INFO  [           main] letWebServerApplicationContext : Root WebApplicationContext: initialization completed in 1032 ms
2019-10-21 12:44:02.656 - INFO  [           main] c.m.d.l.SLF4JLogger            : Cluster created with settings {hosts=[134.175.199.68:27017], mode=SINGLE, requiredClusterType=UNKNOWN, serverSelectionTimeout='30000 ms', maxWaitQueueSize=500}
2019-10-21 12:44:02.866 - INFO  [75.199.68:27017] c.m.d.l.SLF4JLogger            : Opened connection [connectionId{localValue:1, serverValue:1812}] to 134.175.199.68:27017
2019-10-21 12:44:02.903 - INFO  [75.199.68:27017] c.m.d.l.SLF4JLogger            : Monitor thread successfully connected to server with description ServerDescription{address=134.175.199.68:27017, type=STANDALONE, state=CONNECTED, ok=true, version=ServerVersion{versionList=[4, 2, 0]}, minWireVersion=0, maxWireVersion=8, maxDocumentSize=16777216, logicalSessionTimeoutMinutes=30, roundTripTimeNanos=34739343}
2019-10-21 12:44:03.297 - WARN  [           main] c.n.c.s.URLConfigurationSource : No URLs will be polled as dynamic configuration sources.
2019-10-21 12:44:03.297 - INFO  [           main] c.n.c.s.URLConfigurationSource : To enable URLs as dynamic configuration sources, define System property archaius.configurationSource.additionalUrls or make config.properties available on classpath.
2019-10-21 12:44:03.301 - WARN  [           main] c.n.c.s.URLConfigurationSource : No URLs will be polled as dynamic configuration sources.
2019-10-21 12:44:03.301 - INFO  [           main] c.n.c.s.URLConfigurationSource : To enable URLs as dynamic configuration sources, define System property archaius.configurationSource.additionalUrls or make config.properties available on classpath.
2019-10-21 12:44:03.476 - INFO  [           main] c.ExecutorConfigurationSupport : Initializing ExecutorService 'applicationTaskExecutor'
2019-10-21 12:44:03.533 - INFO  [           main] .w.s.WelcomePageHandlerMapping : Adding welcome page: class path resource [static/index.html]
2019-10-21 12:44:03.612 - INFO  [           main] c.ExecutorConfigurationSupport : Initializing ExecutorService 'taskScheduler'
2019-10-21 12:44:04.826 - INFO  [           main] o.s.c.c.u.InetUtils            : Cannot determine local hostname
2019-10-21 12:44:06.007 - INFO  [           main] o.s.c.c.u.InetUtils            : Cannot determine local hostname
2019-10-21 12:44:06.129 - INFO  [           main] o.s.c.n.e.InstanceInfoFactory  : Setting initial instance status as: STARTING
2019-10-21 12:44:06.161 - INFO  [           main] c.n.d.DiscoveryClient          : Initializing Eureka in region us-east-1
2019-10-21 12:44:06.210 - INFO  [           main] .n.d.p.DiscoveryJerseyProvider : Using JSON encoding codec LegacyJacksonJson
2019-10-21 12:44:06.211 - INFO  [           main] .n.d.p.DiscoveryJerseyProvider : Using JSON decoding codec LegacyJacksonJson
2019-10-21 12:44:06.291 - INFO  [           main] .n.d.p.DiscoveryJerseyProvider : Using XML encoding codec XStreamXml
2019-10-21 12:44:06.291 - INFO  [           main] .n.d.p.DiscoveryJerseyProvider : Using XML decoding codec XStreamXml
2019-10-21 12:44:06.442 - INFO  [           main] .d.s.r.a.ConfigClusterResolver : Resolving eureka endpoints via configuration
2019-10-21 12:44:06.570 - INFO  [           main] c.n.d.DiscoveryClient          : Disable delta property : false
2019-10-21 12:44:06.571 - INFO  [           main] c.n.d.DiscoveryClient          : Single vip registry refresh property : null
2019-10-21 12:44:06.571 - INFO  [           main] c.n.d.DiscoveryClient          : Force full registry fetch : false
2019-10-21 12:44:06.571 - INFO  [           main] c.n.d.DiscoveryClient          : Application is null : false
2019-10-21 12:44:06.571 - INFO  [           main] c.n.d.DiscoveryClient          : Registered Applications size is zero : true
2019-10-21 12:44:06.572 - INFO  [           main] c.n.d.DiscoveryClient          : Application version is -1: true
2019-10-21 12:44:06.572 - INFO  [           main] c.n.d.DiscoveryClient          : Getting all instance registry info from the eureka server
2019-10-21 12:44:06.770 - INFO  [           main] c.n.d.DiscoveryClient          : The response status is 200
2019-10-21 12:44:06.774 - INFO  [           main] c.n.d.DiscoveryClient          : Starting heartbeat executor: renew interval is: 30
2019-10-21 12:44:06.777 - INFO  [           main] c.n.d.InstanceInfoReplicator   : InstanceInfoReplicator onDemand update allowed rate per min is 4
2019-10-21 12:44:06.780 - INFO  [           main] c.n.d.DiscoveryClient          : Discovery Client initialized at timestamp 1571633046779 with initial instances count: 5
2019-10-21 12:44:06.781 - INFO  [           main] .c.n.e.s.EurekaServiceRegistry : Registering application FINANCE-SERVER with eureka with status UP
2019-10-21 12:44:06.781 - INFO  [           main] c.n.d.DiscoveryClient$3        : Saw local status change event StatusChangeEvent [timestamp=1571633046781, current=UP, previous=STARTING]
2019-10-21 12:44:06.783 - INFO  [nfoReplicator-0] c.n.d.DiscoveryClient          : DiscoveryClient_FINANCE-SERVER/134.175.199.68:8080: registering service...
2019-10-21 12:44:06.796 - INFO  [           main] o.a.j.l.DirectJDKLog           : Starting ProtocolHandler ["http-nio-8080"]
2019-10-21 12:44:06.816 - INFO  [           main] o.s.b.w.e.t.TomcatWebServer    : Tomcat started on port(s): 8080 (http) with context path ''
2019-10-21 12:44:06.817 - INFO  [           main] .EurekaAutoServiceRegistration : Updating port to 8080
2019-10-21 12:44:06.818 - INFO  [           main] o.s.b.StartupInfoLogger        : Started FinanceApplication in 9.252 seconds (JVM running for 10.541)
2019-10-21 12:44:06.849 - INFO  [nfoReplicator-0] c.n.d.DiscoveryClient          : DiscoveryClient_FINANCE-SERVER/134.175.199.68:8080 - registration status: 204
2019-10-21 12:44:10.651 - INFO  [nio-8080-exec-1] o.a.j.l.DirectJDKLog           : Initializing Spring DispatcherServlet 'dispatcherServlet'
2019-10-21 12:44:10.651 - INFO  [nio-8080-exec-1] o.s.w.s.FrameworkServlet       : Initializing Servlet 'dispatcherServlet'
2019-10-21 12:44:10.657 - INFO  [nio-8080-exec-1] o.s.w.s.FrameworkServlet       : Completed initialization in 5 ms
2019-10-21 12:44:11.033 - INFO  [nio-8080-exec-1] c.m.d.l.SLF4JLogger            : Opened connection [connectionId{localValue:2, serverValue:1813}] to 134.175.199.68:27017
2019-10-21 12:44:11.079 - INFO  [nio-8080-exec-1] s.EntAccountBookDetServiceImpl : ===========================================>delEntAccountBookDet class EntAccountBookDet delete success
2019-10-21 12:45:33.757 - INFO  [nio-8080-exec-5] c.c.f.s.EntBalanceServiceImpl  : ===========================================>delEntBalances class EntBalances delete success
2019-10-21 12:45:54.015 - INFO  [nio-8080-exec-2] c.c.f.s.EntProfitServiceImpl   : ===========================================>delEntProfits class EntProfits delete success
2019-10-21 12:46:12.513 - INFO  [nio-8080-exec-7] c.f.s.EntImportDataServiceImpl : ===========================================>delEntImportDatas class EntImportDatas delete success
2019-10-21 12:46:20.960 - INFO  [nio-8080-exec-9] c.c.f.s.EntTaxeDataServiceImpl : ===========================================>delEntTaxeDatas class EntTaxeDatas delete success
2019-10-21 12:46:25.088 - INFO  [nio-8080-exec-1] c.c.f.s.EntFinaDataServiceImpl : ===========================================>delEntFinaDatas class EntFinaDatas delete success
2019-10-21 12:49:06.575 - INFO  [trap-executor-0] .d.s.r.a.ConfigClusterResolver : Resolving eureka endpoints via configuration
2019-10-21 12:49:16.987 - INFO  [nio-8080-exec-5] s.EntAccountBookDetServiceImpl : ===========================================>delEntAccountBookDet class EntAccountBookDet delete success
2019-10-21 12:50:15.914 - INFO  [nio-8080-exec-7] c.c.f.s.EntProfitServiceImpl   : ===========================================>delEntProfits class EntProfits delete success
2019-10-21 12:51:47.390 - INFO  [nio-8080-exec-9] c.c.f.s.EntBalanceServiceImpl  : ===========================================>delEntBalances class EntBalances delete success
2019-10-21 12:51:56.820 - INFO  [io-8080-exec-10] c.f.s.EntImportDataServiceImpl : ===========================================>delEntImportDatas class EntImportDatas delete success
2019-10-21 12:52:05.967 - INFO  [nio-8080-exec-5] c.c.f.s.EntTaxeDataServiceImpl : ===========================================>delEntTaxeDatas class EntTaxeDatas delete success
2019-10-21 12:52:08.115 - INFO  [nio-8080-exec-4] c.c.f.s.EntFinaDataServiceImpl : ===========================================>delEntFinaDatas class EntFinaDatas delete success
2019-10-21 12:53:52.589 - INFO  [nio-8080-exec-7] s.EntAccountBookDetServiceImpl : ===========================================>delEntAccountBookDet class EntAccountBookDet delete success
2019-10-21 12:54:06.576 - INFO  [trap-executor-0] .d.s.r.a.ConfigClusterResolver : Resolving eureka endpoints via configuration
2019-10-21 12:54:28.482 - INFO  [nio-8080-exec-9] c.c.f.s.EntBalanceServiceImpl  : ===========================================>delEntBalances class EntBalances delete success
2019-10-21 12:54:47.981 - INFO  [nio-8080-exec-1] c.c.f.s.EntProfitServiceImpl   : ===========================================>delEntProfits class EntProfits delete success
2019-10-21 12:54:57.700 - INFO  [nio-8080-exec-3] c.f.s.EntImportDataServiceImpl : ===========================================>delEntImportDatas class EntImportDatas delete success
2019-10-21 12:55:06.408 - INFO  [nio-8080-exec-2] c.c.f.s.EntTaxeDataServiceImpl : ===========================================>delEntTaxeDatas class EntTaxeDatas delete success
2019-10-21 12:55:10.032 - INFO  [nio-8080-exec-6] c.c.f.s.EntFinaDataServiceImpl : ===========================================>delEntFinaDatas class EntFinaDatas delete success
2019-10-21 12:57:00.280 - INFO  [nio-8080-exec-9] s.EntAccountBookDetServiceImpl : ===========================================>delEntAccountBookDet class EntAccountBookDet delete success
2019-10-21 12:58:36.925 - INFO  [nio-8080-exec-1] c.c.f.s.EntBalanceServiceImpl  : ===========================================>delEntBalances class EntBalances delete success
2019-10-21 12:58:55.404 - INFO  [nio-8080-exec-3] c.c.f.s.EntProfitServiceImpl   : ===========================================>delEntProfits class EntProfits delete success
2019-10-21 12:58:59.961 - INFO  [nio-8080-exec-5] c.f.s.EntImportDataServiceImpl : ===========================================>delEntImportDatas class EntImportDatas delete success
2019-10-21 12:59:02.915 - INFO  [nio-8080-exec-4] c.c.f.s.EntTaxeDataServiceImpl : ===========================================>delEntTaxeDatas class EntTaxeDatas delete success
2019-10-21 12:59:06.577 - INFO  [trap-executor-0] .d.s.r.a.ConfigClusterResolver : Resolving eureka endpoints via configuration
2019-10-21 13:02:09.005 - INFO  [nio-8080-exec-5] s.EntAccountBookDetServiceImpl : ===========================================>delEntAccountBookDet class EntAccountBookDet delete success
2019-10-21 13:03:55.384 - INFO  [nio-8080-exec-3] c.c.f.s.EntBalanceServiceImpl  : ===========================================>delEntBalances class EntBalances delete success
2019-10-21 13:04:01.014 - INFO  [io-8080-exec-10] s.EntAccountBookDetServiceImpl : ===========================================>delEntAccountBookDet class EntAccountBookDet delete success
2019-10-21 13:04:06.578 - INFO  [trap-executor-0] .d.s.r.a.ConfigClusterResolver : Resolving eureka endpoints via configuration
2019-10-21 13:05:38.961 - INFO  [nio-8080-exec-2] c.c.f.s.EntBalanceServiceImpl  : ===========================================>delEntBalances class EntBalances delete success
2019-10-21 13:06:09.535 - INFO  [nio-8080-exec-7] c.c.f.s.EntProfitServiceImpl   : ===========================================>delEntProfits class EntProfits delete success
2019-10-21 13:06:12.580 - INFO  [nio-8080-exec-1] c.f.s.EntImportDataServiceImpl : ===========================================>delEntImportDatas class EntImportDatas delete success
2019-10-21 13:06:25.571 - INFO  [nio-8080-exec-3] c.c.f.s.EntTaxeDataServiceImpl : ===========================================>delEntTaxeDatas class EntTaxeDatas delete success
2019-10-21 13:06:28.753 - INFO  [io-8080-exec-10] c.c.f.s.EntFinaDataServiceImpl : ===========================================>delEntFinaDatas class EntFinaDatas delete success
2019-10-21 13:08:49.371 - INFO  [nio-8080-exec-2] s.EntAccountBookDetServiceImpl : ===========================================>delEntAccountBookDet class EntAccountBookDet delete success
2019-10-21 13:09:06.579 - INFO  [trap-executor-0] .d.s.r.a.ConfigClusterResolver : Resolving eureka endpoints via configuration
2019-10-21 13:10:29.469 - INFO  [nio-8080-exec-7] c.c.f.s.EntBalanceServiceImpl  : ===========================================>delEntBalances class EntBalances delete success
2019-10-21 13:10:53.045 - INFO  [nio-8080-exec-1] c.c.f.s.EntProfitServiceImpl   : ===========================================>delEntProfits class EntProfits delete success
2019-10-21 13:10:55.199 - INFO  [nio-8080-exec-5] c.f.s.EntImportDataServiceImpl : ===========================================>delEntImportDatas class EntImportDatas delete success
2019-10-21 13:10:58.174 - INFO  [nio-8080-exec-9] c.c.f.s.EntTaxeDataServiceImpl : ===========================================>delEntTaxeDatas class EntTaxeDatas delete success
2019-10-21 13:10:59.898 - INFO  [nio-8080-exec-2] c.c.f.s.EntFinaDataServiceImpl : ===========================================>delEntFinaDatas class EntFinaDatas delete success
2019-10-21 13:13:20.092 - INFO  [nio-8080-exec-7] s.EntAccountBookDetServiceImpl : ===========================================>delEntAccountBookDet class EntAccountBookDet delete success
2019-10-21 13:13:56.086 - INFO  [nio-8080-exec-5] c.c.f.s.EntBalanceServiceImpl  : ===========================================>delEntBalances class EntBalances delete success
2019-10-21 13:14:06.581 - INFO  [trap-executor-0] .d.s.r.a.ConfigClusterResolver : Resolving eureka endpoints via configuration
2019-10-21 13:14:53.716 - INFO  [io-8080-exec-10] c.c.f.s.EntProfitServiceImpl   : ===========================================>delEntProfits class EntProfits delete success
2019-10-21 13:14:58.080 - INFO  [nio-8080-exec-3] c.f.s.EntImportDataServiceImpl : ===========================================>delEntImportDatas class EntImportDatas delete success
2019-10-21 13:15:01.126 - INFO  [nio-8080-exec-4] c.c.f.s.EntTaxeDataServiceImpl : ===========================================>delEntTaxeDatas class EntTaxeDatas delete success
2019-10-21 13:15:02.811 - INFO  [nio-8080-exec-8] c.c.f.s.EntFinaDataServiceImpl : ===========================================>delEntFinaDatas class EntFinaDatas delete success
2019-10-21 13:17:02.502 - INFO  [nio-8080-exec-5] s.EntAccountBookDetServiceImpl : ===========================================>delEntAccountBookDet class EntAccountBookDet delete success
2019-10-21 13:19:06.583 - INFO  [trap-executor-0] .d.s.r.a.ConfigClusterResolver : Resolving eureka endpoints via configuration
2019-10-21 13:21:00.073 - INFO  [nio-8080-exec-2] c.c.f.s.EntBalanceServiceImpl  : ===========================================>delEntBalances class EntBalances delete success
2019-10-21 13:21:23.576 - INFO  [nio-8080-exec-7] c.c.f.s.EntProfitServiceImpl   : ===========================================>delEntProfits class EntProfits delete success
2019-10-21 13:21:27.251 - INFO  [nio-8080-exec-5] c.f.s.EntImportDataServiceImpl : ===========================================>delEntImportDatas class EntImportDatas delete success
2019-10-21 13:21:29.728 - INFO  [nio-8080-exec-9] c.c.f.s.EntTaxeDataServiceImpl : ===========================================>delEntTaxeDatas class EntTaxeDatas delete success
2019-10-21 13:21:31.365 - INFO  [io-8080-exec-10] c.c.f.s.EntFinaDataServiceImpl : ===========================================>delEntFinaDatas class EntFinaDatas delete success
2019-10-21 13:24:06.585 - INFO  [trap-executor-0] .d.s.r.a.ConfigClusterResolver : Resolving eureka endpoints via configuration
