2019-10-08 12:34:55.236 - INFO  [           main] o.s.b.StartupInfoLogger        : Starting FinanceApplication on DESKTOP-4N7PR7S with PID 9688 (C:\Project\GitData\data\target\classes started by yuanzhifeng in C:\Project\GitData\data)
2019-10-08 12:34:55.255 - INFO  [           main] o.s.b.SpringApplication        : No active profile set, falling back to default profiles: default
2019-10-08 12:34:55.763 - INFO  [           main] epositoryConfigurationDelegate : Bootstrapping Spring Data repositories in DEFAULT mode.
2019-10-08 12:34:55.848 - INFO  [           main] epositoryConfigurationDelegate : Finished Spring Data repository scanning in 81ms. Found 8 repository interfaces.
2019-10-08 12:34:56.198 - INFO  [           main] o.s.b.w.e.t.TomcatWebServer    : Tomcat initialized with port(s): 8080 (http)
2019-10-08 12:34:56.210 - INFO  [           main] o.a.j.l.DirectJDKLog           : Initializing ProtocolHandler ["http-nio-8080"]
2019-10-08 12:34:56.217 - INFO  [           main] o.a.j.l.DirectJDKLog           : Starting service [Tomcat]
2019-10-08 12:34:56.217 - INFO  [           main] o.a.j.l.DirectJDKLog           : Starting Servlet engine: [Apache Tomcat/9.0.24]
2019-10-08 12:34:56.293 - INFO  [           main] o.a.j.l.DirectJDKLog           : Initializing Spring embedded WebApplicationContext
2019-10-08 12:34:56.294 - INFO  [           main] letWebServerApplicationContext : Root WebApplicationContext: initialization completed in 1007 ms
2019-10-08 12:34:56.973 - INFO  [           main] c.m.d.l.SLF4JLogger            : Cluster created with settings {hosts=[134.175.199.68:27017], mode=SINGLE, requiredClusterType=UNKNOWN, serverSelectionTimeout='30000 ms', maxWaitQueueSize=500}
2019-10-08 12:34:57.155 - INFO  [75.199.68:27017] c.m.d.l.SLF4JLogger            : Opened connection [connectionId{localValue:1, serverValue:663}] to 134.175.199.68:27017
2019-10-08 12:34:57.195 - INFO  [75.199.68:27017] c.m.d.l.SLF4JLogger            : Monitor thread successfully connected to server with description ServerDescription{address=134.175.199.68:27017, type=STANDALONE, state=CONNECTED, ok=true, version=ServerVersion{versionList=[4, 2, 0]}, minWireVersion=0, maxWireVersion=8, maxDocumentSize=16777216, logicalSessionTimeoutMinutes=30, roundTripTimeNanos=38314617}
2019-10-08 12:34:57.388 - INFO  [           main] c.ExecutorConfigurationSupport : Initializing ExecutorService 'applicationTaskExecutor'
2019-10-08 12:34:57.442 - INFO  [           main] .w.s.WelcomePageHandlerMapping : Adding welcome page: class path resource [static/index.html]
2019-10-08 12:34:57.522 - INFO  [           main] o.a.j.l.DirectJDKLog           : Starting ProtocolHandler ["http-nio-8080"]
2019-10-08 12:34:57.542 - INFO  [           main] o.s.b.w.e.t.TomcatWebServer    : Tomcat started on port(s): 8080 (http) with context path ''
2019-10-08 12:34:57.545 - INFO  [           main] o.s.b.StartupInfoLogger        : Started FinanceApplication in 2.774 seconds (JVM running for 3.923)
2019-10-08 12:35:05.199 - INFO  [nio-8080-exec-1] o.a.j.l.DirectJDKLog           : Initializing Spring DispatcherServlet 'dispatcherServlet'
2019-10-08 12:35:05.200 - INFO  [nio-8080-exec-1] o.s.w.s.FrameworkServlet       : Initializing Servlet 'dispatcherServlet'
2019-10-08 12:35:05.206 - INFO  [nio-8080-exec-1] o.s.w.s.FrameworkServlet       : Completed initialization in 6 ms
