2019-10-12 00:16:49.299 - INFO  [           main] bstractTestContextBootstrapper : Neither @ContextConfiguration nor @ContextHierarchy found for test class [com.cst.finance.FinanceApplicationTests], using SpringBootContextLoader
2019-10-12 00:16:49.754 - INFO  [           main] .s.t.c.s.AbstractContextLoader : Could not detect default resource locations for test class [com.cst.finance.FinanceApplicationTests]: no resource found for suffixes {-context.xml, Context.groovy}.
2019-10-12 00:16:49.755 - INFO  [           main] tationConfigContextLoaderUtils : Could not detect default configuration classes for test class [com.cst.finance.FinanceApplicationTests]: FinanceApplicationTests does not declare any static, non-private, non-final, nested classes annotated with @Configuration.
2019-10-12 00:16:49.875 - INFO  [           main] ingBootTestContextBootstrapper : Found @SpringBootConfiguration com.cst.finance.FinanceApplication for test class com.cst.finance.FinanceApplicationTests
2019-10-12 00:16:50.024 - INFO  [           main] bstractTestContextBootstrapper : Loaded default TestExecutionListener class names from location [META-INF/spring.factories]: [org.springframework.boot.test.mock.mockito.MockitoTestExecutionListener, org.springframework.boot.test.mock.mockito.ResetMocksTestExecutionListener, org.springframework.boot.test.autoconfigure.restdocs.RestDocsTestExecutionListener, org.springframework.boot.test.autoconfigure.web.client.MockRestServiceServerResetTestExecutionListener, org.springframework.boot.test.autoconfigure.web.servlet.MockMvcPrintOnlyOnFailureTestExecutionListener, org.springframework.boot.test.autoconfigure.web.servlet.WebDriverTestExecutionListener, org.springframework.test.context.web.ServletTestExecutionListener, org.springframework.test.context.support.DirtiesContextBeforeModesTestExecutionListener, org.springframework.test.context.support.DependencyInjectionTestExecutionListener, org.springframework.test.context.support.DirtiesContextTestExecutionListener, org.springframework.test.context.transaction.TransactionalTestExecutionListener, org.springframework.test.context.jdbc.SqlScriptsTestExecutionListener]
2019-10-12 00:16:50.060 - INFO  [           main] bstractTestContextBootstrapper : Using TestExecutionListeners: [org.springframework.test.context.web.ServletTestExecutionListener@dbd8e44, org.springframework.test.context.support.DirtiesContextBeforeModesTestExecutionListener@51acdf2e, org.springframework.boot.test.mock.mockito.MockitoTestExecutionListener@6a55299e, org.springframework.boot.test.autoconfigure.SpringBootDependencyInjectionTestExecutionListener@2f1de2d6, org.springframework.test.context.support.DirtiesContextTestExecutionListener@4eb386df, org.springframework.test.context.transaction.TransactionalTestExecutionListener@79517588, org.springframework.test.context.jdbc.SqlScriptsTestExecutionListener@3a0baae5, org.springframework.boot.test.mock.mockito.ResetMocksTestExecutionListener@7ac0e420, org.springframework.boot.test.autoconfigure.restdocs.RestDocsTestExecutionListener@289710d9, org.springframework.boot.test.autoconfigure.web.client.MockRestServiceServerResetTestExecutionListener@5a18cd76, org.springframework.boot.test.autoconfigure.web.servlet.MockMvcPrintOnlyOnFailureTestExecutionListener@3da30852, org.springframework.boot.test.autoconfigure.web.servlet.WebDriverTestExecutionListener@403f0a22]
2019-10-12 00:16:51.965 - INFO  [           main] egate$BeanPostProcessorChecker : Bean 'org.springframework.cloud.autoconfigure.ConfigurationPropertiesRebinderAutoConfiguration' of type [org.springframework.cloud.autoconfigure.ConfigurationPropertiesRebinderAutoConfiguration$$EnhancerBySpringCGLIB$$11a44dc1] is not eligible for getting processed by all BeanPostProcessors (for example: not eligible for auto-proxying)
2019-10-12 00:16:53.415 - INFO  [           main] o.s.b.SpringApplication        : No active profile set, falling back to default profiles: default
2019-10-12 00:16:53.948 - INFO  [           main] epositoryConfigurationDelegate : Bootstrapping Spring Data repositories in DEFAULT mode.
2019-10-12 00:16:54.056 - INFO  [           main] epositoryConfigurationDelegate : Finished Spring Data repository scanning in 103ms. Found 8 repository interfaces.
2019-10-12 00:16:54.419 - INFO  [           main] o.s.c.c.s.GenericScope         : BeanFactory id=c70cd2e6-6f6b-3be7-85fc-c7cc2125f43b
2019-10-12 00:16:54.580 - INFO  [           main] egate$BeanPostProcessorChecker : Bean 'org.springframework.cloud.autoconfigure.ConfigurationPropertiesRebinderAutoConfiguration' of type [org.springframework.cloud.autoconfigure.ConfigurationPropertiesRebinderAutoConfiguration$$EnhancerBySpringCGLIB$$11a44dc1] is not eligible for getting processed by all BeanPostProcessors (for example: not eligible for auto-proxying)
2019-10-12 00:16:55.617 - INFO  [           main] c.m.d.l.SLF4JLogger            : Cluster created with settings {hosts=[134.175.199.68:27017], mode=SINGLE, requiredClusterType=UNKNOWN, serverSelectionTimeout='30000 ms', maxWaitQueueSize=500}
2019-10-12 00:16:55.866 - INFO  [75.199.68:27017] c.m.d.l.SLF4JLogger            : Opened connection [connectionId{localValue:1, serverValue:880}] to 134.175.199.68:27017
2019-10-12 00:16:55.906 - INFO  [75.199.68:27017] c.m.d.l.SLF4JLogger            : Monitor thread successfully connected to server with description ServerDescription{address=134.175.199.68:27017, type=STANDALONE, state=CONNECTED, ok=true, version=ServerVersion{versionList=[4, 2, 0]}, minWireVersion=0, maxWireVersion=8, maxDocumentSize=16777216, logicalSessionTimeoutMinutes=30, roundTripTimeNanos=37713648}
2019-10-12 00:16:56.642 - WARN  [           main] c.n.c.s.URLConfigurationSource : No URLs will be polled as dynamic configuration sources.
2019-10-12 00:16:56.643 - INFO  [           main] c.n.c.s.URLConfigurationSource : To enable URLs as dynamic configuration sources, define System property archaius.configurationSource.additionalUrls or make config.properties available on classpath.
2019-10-12 00:16:56.651 - WARN  [           main] c.n.c.s.URLConfigurationSource : No URLs will be polled as dynamic configuration sources.
2019-10-12 00:16:56.651 - INFO  [           main] c.n.c.s.URLConfigurationSource : To enable URLs as dynamic configuration sources, define System property archaius.configurationSource.additionalUrls or make config.properties available on classpath.
2019-10-12 00:16:57.270 - INFO  [           main] c.ExecutorConfigurationSupport : Initializing ExecutorService 'applicationTaskExecutor'
2019-10-12 00:16:57.408 - INFO  [           main] .w.s.WelcomePageHandlerMapping : Adding welcome page: class path resource [static/index.html]
2019-10-12 00:16:59.513 - INFO  [           main] o.s.c.c.u.InetUtils            : Cannot determine local hostname
2019-10-12 00:17:00.850 - INFO  [           main] o.s.c.c.u.InetUtils            : Cannot determine local hostname
2019-10-12 00:17:01.012 - INFO  [           main] o.s.b.StartupInfoLogger        : Started FinanceApplicationTests in 10.889 seconds (JVM running for 13.178)
2019-10-12 00:17:02.457 - INFO  [       Thread-5] o.s.c.n.e.InstanceInfoFactory  : Setting initial instance status as: STARTING
2019-10-12 00:17:02.479 - INFO  [       Thread-5] .c.n.e.s.EurekaServiceRegistry : Unregistering application FINANCE-SERVER with eureka with status DOWN
2019-10-12 00:17:02.494 - INFO  [       Thread-5] c.ExecutorConfigurationSupport : Shutting down ExecutorService 'applicationTaskExecutor'
2019-10-12 00:17:11.501 - INFO  [trap-executor-0] .d.s.r.a.ConfigClusterResolver : Resolving eureka endpoints via configuration
